--------------- Clean Started: 04/07/2022 23:35:41 Project: nixie_control, Configuration: ARM GCC 5.4-2016-q2-update Debug ---------------
Deleting file ".\CortexM0\ARM_GCC_541\Debug\main.o"
Deleting file ".\CortexM0\ARM_GCC_541\Debug\cyfitter_cfg.o"
Deleting file ".\CortexM0\ARM_GCC_541\Debug\cymetadata.o"
Deleting file ".\CortexM0\ARM_GCC_541\Debug\Cm0Start.o"
Deleting file ".\CortexM0\ARM_GCC_541\Debug\CyFlash.o"
Deleting file ".\CortexM0\ARM_GCC_541\Debug\CyLib.o"
Deleting file ".\CortexM0\ARM_GCC_541\Debug\cyPm.o"
Deleting file ".\CortexM0\ARM_GCC_541\Debug\cyutils.o"
Deleting file ".\CortexM0\ARM_GCC_541\Debug\CyBootAsmGnu.o"
Deleting file ".\CortexM0\ARM_GCC_541\Debug\CyDMA.o"
Deleting file ".\CortexM0\ARM_GCC_541\Debug\CyLFClk.o"
Deleting file ".\CortexM0\ARM_GCC_541\Debug\cy_em_eeprom.o"
Deleting file ".\CortexM0\ARM_GCC_541\Debug\C.o"
Deleting file ".\CortexM0\ARM_GCC_541\Debug\C_PM.o"
Deleting file ".\CortexM0\ARM_GCC_541\Debug\B.o"
Deleting file ".\CortexM0\ARM_GCC_541\Debug\B_PM.o"
Deleting file ".\CortexM0\ARM_GCC_541\Debug\D.o"
Deleting file ".\CortexM0\ARM_GCC_541\Debug\D_PM.o"
Deleting file ".\CortexM0\ARM_GCC_541\Debug\A.o"
Deleting file ".\CortexM0\ARM_GCC_541\Debug\A_PM.o"
Deleting file ".\CortexM0\ARM_GCC_541\Debug\nixie_control.hex"
Deleting file ".\CortexM0\ARM_GCC_541\Debug\nixie_control.elf"
Deleting file ".\CortexM0\ARM_GCC_541\Debug\nixie_control.map"
Deleting file ".\nixie_control.cycdx"
Deleting file ".\nixie_control.rpt"
Deleting file ".\nixie_control_timing.html"
Deleting file ".\CortexM0\ARM_GCC_541\Debug\.deps\SOURCE_C__ARM_GCC_GENERIC.P"
Deleting file ".\CortexM0\ARM_GCC_541\Debug\.deps\SOURCE_ASM__ARM_GCC_GENERIC.P"
--------------- Clean Succeeded: 04/07/2022 23:35:41 ---------------
